Copyright 1986-2022 Xilinx, Inc. All Rights Reserved. Copyright 2022-2024 Advanced Micro Devices, Inc. All Rights Reserved.
---------------------------------------------------------------------------------------------------------------------------------------------
| Tool Version : Vivado v.2024.2 (win64) Build 5239630 Fri Nov 08 22:35:27 MST 2024
| Date         : Tue Feb 18 15:21:31 2025
| Host         : my_laptop running 64-bit major release  (build 9200)
| Command      : report_control_sets -verbose -file top_control_sets_placed.rpt
| Design       : top
| Device       : xc7a100t
---------------------------------------------------------------------------------------------------------------------------------------------

Control Set Information

Table of Contents
-----------------
1. Summary
2. Histogram
3. Flip-Flop Distribution
4. Detailed Control Set Information

1. Summary
----------

+----------------------------------------------------------+-------+
|                          Status                          | Count |
+----------------------------------------------------------+-------+
| Total control sets                                       |     8 |
|    Minimum number of control sets                        |     8 |
|    Addition due to synthesis replication                 |     0 |
|    Addition due to physical synthesis replication        |     0 |
| Unused register locations in slices containing registers |    37 |
+----------------------------------------------------------+-------+
* Control sets can be merged at opt_design using control_set_merge or merge_equivalent_drivers
** Run report_qor_suggestions for automated merging and remapping suggestions


2. Histogram
------------

+--------------------+-------+
|       Fanout       | Count |
+--------------------+-------+
| Total control sets |     8 |
| >= 0 to < 4        |     2 |
| >= 4 to < 6        |     1 |
| >= 6 to < 8        |     0 |
| >= 8 to < 10       |     3 |
| >= 10 to < 12      |     0 |
| >= 12 to < 14      |     0 |
| >= 14 to < 16      |     0 |
| >= 16              |     2 |
+--------------------+-------+
* Control sets can be remapped at either synth_design or opt_design


3. Flip-Flop Distribution
-------------------------

+--------------+-----------------------+------------------------+-----------------+--------------+
| Clock Enable | Synchronous Set/Reset | Asynchronous Set/Reset | Total Registers | Total Slices |
+--------------+-----------------------+------------------------+-----------------+--------------+
| No           | No                    | No                     |              19 |           13 |
| No           | No                    | Yes                    |              17 |            5 |
| No           | Yes                   | No                     |              26 |            8 |
| Yes          | No                    | No                     |               0 |            0 |
| Yes          | No                    | Yes                    |               5 |            3 |
| Yes          | Yes                   | No                     |               0 |            0 |
+--------------+-----------------------+------------------------+-----------------+--------------+


4. Detailed Control Set Information
-----------------------------------

+-----------------------------+-----------------------------------------------------+------------------------------------------+------------------+----------------+--------------+
|         Clock Signal        |                    Enable Signal                    |             Set/Reset Signal             | Slice Load Count | Bel Load Count | Bels / Slice |
+-----------------------------+-----------------------------------------------------+------------------------------------------+------------------+----------------+--------------+
|  clkgen_200kHz_inst/clk_2ms |                                                     | seven_seg_display_inst/switch[0]_i_1_n_0 |                1 |              1 |         1.00 |
|  CLK100MHZ_IBUF_BUFG        |                                                     |                                          |                2 |              2 |         1.00 |
|  w_200kHz_BUFG              | i2c_master_inst/FSM_sequential_state_reg[4]_i_1_n_0 | reset_IBUF                               |                3 |              5 |         1.67 |
|  clkgen_200kHz_inst/clk_2ms |                                                     |                                          |                5 |              8 |         1.60 |
|  CLK100MHZ_IBUF_BUFG        |                                                     | clkgen_200kHz_inst/clk_reg               |                2 |              8 |         4.00 |
|  w_200kHz_BUFG              |                                                     |                                          |                6 |              9 |         1.50 |
|  CLK100MHZ_IBUF_BUFG        |                                                     | clkgen_200kHz_inst/clk_2ms_reg           |                5 |             17 |         3.40 |
|  w_200kHz_BUFG              |                                                     | reset_IBUF                               |                5 |             17 |         3.40 |
+-----------------------------+-----------------------------------------------------+------------------------------------------+------------------+----------------+--------------+


