
*** Running vivado
    with args -log top.vds -m64 -product Vivado -mode batch -messageDb vivado.pb -notrace -source top.tcl



****** Vivado v2024.2 (64-bit)
  **** SW Build 5239630 on Fri Nov 08 22:35:27 MST 2024
  **** IP Build 5239520 on Sun Nov 10 16:12:51 MST 2024
  **** SharedData Build 5239561 on Fri Nov 08 14:39:27 MST 2024
  **** Start of session at: Tue Feb 18 15:19:05 2025
    ** Copyright 1986-2022 Xilinx, Inc. All Rights Reserved.
    ** Copyright 2022-2024 Advanced Micro Devices, Inc. All Rights Reserved.

source top.tcl -notrace

*** Running vivado
    with args -log top.vds -m64 -product Vivado -mode batch -messageDb vivado.pb -notrace -source top.tcl



****** Vivado v2024.2 (64-bit)
  **** SW Build 5239630 on Fri Nov 08 22:35:27 MST 2024
  **** IP Build 5239520 on Sun Nov 10 16:12:51 MST 2024
  **** SharedData Build 5239561 on Fri Nov 08 14:39:27 MST 2024
  **** Start of session at: Tue Feb 18 15:19:42 2025
    ** Copyright 1986-2022 Xilinx, Inc. All Rights Reserved.
    ** Copyright 2022-2024 Advanced Micro Devices, Inc. All Rights Reserved.

source top.tcl -notrace
create_project: Time (s): cpu = 00:00:02 ; elapsed = 00:00:07 . Memory (MB): peak = 382.215 ; gain = 91.809
Command: read_checkpoint -auto_incremental -incremental C:/Users/andre/I2C_VHDL/I2C_VHDL.srcs/utils_1/imports/synth_1/top.dcp
INFO: [Vivado 12-5825] Read reference checkpoint from C:/Users/andre/I2C_VHDL/I2C_VHDL.srcs/utils_1/imports/synth_1/top.dcp for incremental synthesis
INFO: [Vivado 12-7989] Please ensure there are no constraint changes
Command: synth_design -top top -part xc7a100tcsg324-1
Starting synth_design
Attempting to get a license for feature 'Synthesis' and/or device 'xc7a100t'
INFO: [Common 17-349] Got license for feature 'Synthesis' and/or device 'xc7a100t'
INFO: [Device 21-403] Loading part xc7a100tcsg324-1
INFO: [Designutils 20-5440] No compile time benefit to using incremental synthesis; A full resynthesis will be run
INFO: [Designutils 20-4379] Flow is switching to default flow due to incremental criteria not met. If you would like to alter this behaviour and have the flow terminate instead, please set the following parameter config_implementation {autoIncr.Synth.RejectBehavior Terminate}
INFO: [Synth 8-7079] Multithreading enabled for synth_design using a maximum of 2 processes.
INFO: [Synth 8-7078] Launching helper process for spawning children vivado processes
INFO: [Synth 8-7075] Helper process launched with PID 45228
---------------------------------------------------------------------------------
Starting RTL Elaboration : Time (s): cpu = 00:00:01 ; elapsed = 00:00:06 . Memory (MB): peak = 1058.867 ; gain = 469.410
---------------------------------------------------------------------------------
INFO: [Synth 8-638] synthesizing module 'top' [C:/Users/andre/I2C_VHDL/I2C_VHDL.srcs/sources_1/new/container.vhd:17]
INFO: [Synth 8-3491] module 'i2c_master' declared at 'C:/Users/andre/I2C_VHDL/I2C_VHDL.srcs/sources_1/new/i2c_master.vhd:5' bound to instance 'i2c_master_inst' of component 'i2c_master' [C:/Users/andre/I2C_VHDL/I2C_VHDL.srcs/sources_1/new/container.vhd:57]
INFO: [Synth 8-638] synthesizing module 'i2c_master' [C:/Users/andre/I2C_VHDL/I2C_VHDL.srcs/sources_1/new/i2c_master.vhd:16]
INFO: [Synth 8-256] done synthesizing module 'i2c_master' (0#1) [C:/Users/andre/I2C_VHDL/I2C_VHDL.srcs/sources_1/new/i2c_master.vhd:16]
WARNING: [Synth 8-547] port direction mismatch for port 'SDA_dir' [C:/Users/andre/I2C_VHDL/I2C_VHDL.srcs/sources_1/new/container.vhd:57]
INFO: [Synth 8-3491] module 'clkgen_200kHz' declared at 'C:/Users/andre/I2C_VHDL/I2C_VHDL.srcs/sources_1/new/clkgen_200khz.vhd:6' bound to instance 'clkgen_200kHz_inst' of component 'clkgen_200kHz' [C:/Users/andre/I2C_VHDL/I2C_VHDL.srcs/sources_1/new/container.vhd:68]
INFO: [Synth 8-638] synthesizing module 'clkgen_200kHz' [C:/Users/andre/I2C_VHDL/I2C_VHDL.srcs/sources_1/new/clkgen_200khz.vhd:12]
INFO: [Synth 8-256] done synthesizing module 'clkgen_200kHz' (0#1) [C:/Users/andre/I2C_VHDL/I2C_VHDL.srcs/sources_1/new/clkgen_200khz.vhd:12]
INFO: [Synth 8-3491] module 'seven_seg_display' declared at 'C:/Users/andre/Desktop/Components/_7seg_decoder.vhd:5' bound to instance 'seven_seg_display_inst' of component 'seven_seg_display' [C:/Users/andre/I2C_VHDL/I2C_VHDL.srcs/sources_1/new/container.vhd:74]
INFO: [Synth 8-638] synthesizing module 'seven_seg_display' [C:/Users/andre/Desktop/Components/_7seg_decoder.vhd:15]
WARNING: [Synth 8-614] signal 'number_to_show' is read in the process but is not in the sensitivity list [C:/Users/andre/Desktop/Components/_7seg_decoder.vhd:26]
INFO: [Synth 8-256] done synthesizing module 'seven_seg_display' (0#1) [C:/Users/andre/Desktop/Components/_7seg_decoder.vhd:15]
INFO: [Synth 8-256] done synthesizing module 'top' (0#1) [C:/Users/andre/I2C_VHDL/I2C_VHDL.srcs/sources_1/new/container.vhd:17]
---------------------------------------------------------------------------------
Finished RTL Elaboration : Time (s): cpu = 00:00:01 ; elapsed = 00:00:08 . Memory (MB): peak = 1166.516 ; gain = 577.059
---------------------------------------------------------------------------------
---------------------------------------------------------------------------------
Start Handling Custom Attributes
---------------------------------------------------------------------------------
---------------------------------------------------------------------------------
Finished Handling Custom Attributes : Time (s): cpu = 00:00:01 ; elapsed = 00:00:08 . Memory (MB): peak = 1166.516 ; gain = 577.059
---------------------------------------------------------------------------------
---------------------------------------------------------------------------------
Finished RTL Optimization Phase 1 : Time (s): cpu = 00:00:01 ; elapsed = 00:00:08 . Memory (MB): peak = 1166.516 ; gain = 577.059
---------------------------------------------------------------------------------
Netlist sorting complete. Time (s): cpu = 00:00:00 ; elapsed = 00:00:00.008 . Memory (MB): peak = 1166.516 ; gain = 0.000
INFO: [Project 1-570] Preparing netlist for logic optimization

Processing XDC Constraints
Initializing timing engine
Parsing XDC File [C:/Users/andre/I2C_VHDL/I2C_VHDL.srcs/constrs_1/new/master.xdc]
Finished Parsing XDC File [C:/Users/andre/I2C_VHDL/I2C_VHDL.srcs/constrs_1/new/master.xdc]
INFO: [Project 1-236] Implementation specific constraints were found while reading constraint file [C:/Users/andre/I2C_VHDL/I2C_VHDL.srcs/constrs_1/new/master.xdc]. These constraints will be ignored for synthesis but will be used in implementation. Impacted constraints are listed in the file [.Xil/top_propImpl.xdc].
Resolution: To avoid this warning, move constraints listed in [.Xil/top_propImpl.xdc] to another XDC file and exclude this new file from synthesis with the used_in_synthesis property (File Properties dialog in GUI) and re-run elaboration/synthesis.
Completed Processing XDC Constraints

Netlist sorting complete. Time (s): cpu = 00:00:00 ; elapsed = 00:00:00 . Memory (MB): peak = 1244.730 ; gain = 0.000
INFO: [Project 1-111] Unisim Transformation Summary:
No Unisim elements were transformed.

Constraint Validation Runtime : Time (s): cpu = 00:00:00 ; elapsed = 00:00:00.006 . Memory (MB): peak = 1244.730 ; gain = 0.000
INFO: [Designutils 20-5440] No compile time benefit to using incremental synthesis; A full resynthesis will be run
INFO: [Designutils 20-4379] Flow is switching to default flow due to incremental criteria not met. If you would like to alter this behaviour and have the flow terminate instead, please set the following parameter config_implementation {autoIncr.Synth.RejectBehavior Terminate}
---------------------------------------------------------------------------------
Finished Constraint Validation : Time (s): cpu = 00:00:04 ; elapsed = 00:00:18 . Memory (MB): peak = 1244.730 ; gain = 655.273
---------------------------------------------------------------------------------
---------------------------------------------------------------------------------
Start Loading Part and Timing Information
---------------------------------------------------------------------------------
Loading part: xc7a100tcsg324-1
---------------------------------------------------------------------------------
Finished Loading Part and Timing Information : Time (s): cpu = 00:00:04 ; elapsed = 00:00:18 . Memory (MB): peak = 1244.730 ; gain = 655.273
---------------------------------------------------------------------------------
---------------------------------------------------------------------------------
Start Applying 'set_property' XDC Constraints
---------------------------------------------------------------------------------
---------------------------------------------------------------------------------
Finished applying 'set_property' XDC Constraints : Time (s): cpu = 00:00:04 ; elapsed = 00:00:18 . Memory (MB): peak = 1244.730 ; gain = 655.273
---------------------------------------------------------------------------------
INFO: [Synth 8-802] inferred FSM for state register 'state_reg_reg' in module 'i2c_master'
---------------------------------------------------------------------------------------------------
                   State |                     New Encoding |                Previous Encoding 
---------------------------------------------------------------------------------------------------
                power_up |                            10100 |                            00000
                   start |                            00011 |                            00001
              send_addr6 |                            01100 |                            00010
              send_addr5 |                            01001 |                            00011
              send_addr4 |                            01010 |                            00100
              send_addr3 |                            11100 |                            00101
              send_addr2 |                            11010 |                            00110
              send_addr1 |                            10111 |                            00111
              send_addr0 |                            11000 |                            01000
                 send_rw |                            11011 |                            01001
                 rec_ack |                            10110 |                            01010
                rec_msb7 |                            10011 |                            01011
                rec_msb6 |                            00101 |                            01100
                rec_msb5 |                            00100 |                            01101
                rec_msb4 |                            00000 |                            01110
                rec_msb3 |                            00001 |                            01111
                rec_msb2 |                            01110 |                            10000
                rec_msb1 |                            01011 |                            10001
                rec_msb0 |                            01000 |                            10010
                send_ack |                            00110 |                            10011
                rec_lsb7 |                            00111 |                            10100
                rec_lsb6 |                            11001 |                            10101
                rec_lsb5 |                            10010 |                            10110
                rec_lsb4 |                            10000 |                            10111
                rec_lsb3 |                            10001 |                            11000
                rec_lsb2 |                            10101 |                            11001
                rec_lsb1 |                            01111 |                            11010
                rec_lsb0 |                            01101 |                            11011
                    nack |                            00010 |                            11100
---------------------------------------------------------------------------------------------------
INFO: [Synth 8-3354] encoded FSM with state register 'state_reg_reg' using encoding 'sequential' in module 'i2c_master'
---------------------------------------------------------------------------------
Finished RTL Optimization Phase 2 : Time (s): cpu = 00:00:04 ; elapsed = 00:00:19 . Memory (MB): peak = 1244.730 ; gain = 655.273
---------------------------------------------------------------------------------
---------------------------------------------------------------------------------
Start RTL Component Statistics 
---------------------------------------------------------------------------------
Detailed RTL Component Info : 
+---Adders : 
	   2 Input   17 Bit       Adders := 1     
	   2 Input   12 Bit       Adders := 1     
	   2 Input    8 Bit       Adders := 1     
	   2 Input    4 Bit       Adders := 1     
+---Registers : 
	               32 Bit    Registers := 1     
	               17 Bit    Registers := 1     
	               12 Bit    Registers := 1     
	                8 Bit    Registers := 4     
	                4 Bit    Registers := 1     
	                1 Bit    Registers := 5     
+---Muxes : 
	   2 Input   32 Bit        Muxes := 1     
	  29 Input   12 Bit        Muxes := 1     
	  29 Input    8 Bit        Muxes := 4     
	   2 Input    8 Bit        Muxes := 3     
	   2 Input    7 Bit        Muxes := 1     
	   2 Input    6 Bit        Muxes := 1     
	  29 Input    5 Bit        Muxes := 1     
	   2 Input    4 Bit        Muxes := 1     
	   2 Input    1 Bit        Muxes := 3     
	   3 Input    1 Bit        Muxes := 1     
	  29 Input    1 Bit        Muxes := 3     
---------------------------------------------------------------------------------
Finished RTL Component Statistics 
---------------------------------------------------------------------------------
---------------------------------------------------------------------------------
Start Part Resource Summary
---------------------------------------------------------------------------------
Part Resources:
DSPs: 240 (col length:80)
BRAMs: 270 (col length: RAMB18 80 RAMB36 40)
---------------------------------------------------------------------------------
Finished Part Resource Summary
---------------------------------------------------------------------------------
---------------------------------------------------------------------------------
Start Cross Boundary and Area Optimization
---------------------------------------------------------------------------------
WARNING: [Synth 8-7080] Parallel synthesis criteria is not met
---------------------------------------------------------------------------------
Finished Cross Boundary and Area Optimization : Time (s): cpu = 00:00:05 ; elapsed = 00:00:24 . Memory (MB): peak = 1244.730 ; gain = 655.273
---------------------------------------------------------------------------------
---------------------------------------------------------------------------------
Start Applying XDC Timing Constraints
---------------------------------------------------------------------------------
---------------------------------------------------------------------------------
Finished Applying XDC Timing Constraints : Time (s): cpu = 00:00:07 ; elapsed = 00:00:31 . Memory (MB): peak = 1361.766 ; gain = 772.309
---------------------------------------------------------------------------------
---------------------------------------------------------------------------------
Start Timing Optimization
---------------------------------------------------------------------------------
---------------------------------------------------------------------------------
Finished Timing Optimization : Time (s): cpu = 00:00:07 ; elapsed = 00:00:31 . Memory (MB): peak = 1381.223 ; gain = 791.766
---------------------------------------------------------------------------------
---------------------------------------------------------------------------------
Start Technology Mapping
---------------------------------------------------------------------------------
---------------------------------------------------------------------------------
Finished Technology Mapping : Time (s): cpu = 00:00:07 ; elapsed = 00:00:31 . Memory (MB): peak = 1381.734 ; gain = 792.277
---------------------------------------------------------------------------------
---------------------------------------------------------------------------------
Start IO Insertion
---------------------------------------------------------------------------------
---------------------------------------------------------------------------------
Start Flattening Before IO Insertion
---------------------------------------------------------------------------------
---------------------------------------------------------------------------------
Finished Flattening Before IO Insertion
---------------------------------------------------------------------------------
---------------------------------------------------------------------------------
Start Final Netlist Cleanup
---------------------------------------------------------------------------------
---------------------------------------------------------------------------------
Finished Final Netlist Cleanup
---------------------------------------------------------------------------------
---------------------------------------------------------------------------------
Finished IO Insertion : Time (s): cpu = 00:00:09 ; elapsed = 00:00:38 . Memory (MB): peak = 1588.016 ; gain = 998.559
---------------------------------------------------------------------------------
---------------------------------------------------------------------------------
Start Renaming Generated Instances
---------------------------------------------------------------------------------
---------------------------------------------------------------------------------
Finished Renaming Generated Instances : Time (s): cpu = 00:00:09 ; elapsed = 00:00:38 . Memory (MB): peak = 1588.016 ; gain = 998.559
---------------------------------------------------------------------------------
---------------------------------------------------------------------------------
Start Rebuilding User Hierarchy
---------------------------------------------------------------------------------
---------------------------------------------------------------------------------
Finished Rebuilding User Hierarchy : Time (s): cpu = 00:00:09 ; elapsed = 00:00:38 . Memory (MB): peak = 1588.016 ; gain = 998.559
---------------------------------------------------------------------------------
---------------------------------------------------------------------------------
Start Renaming Generated Ports
---------------------------------------------------------------------------------
---------------------------------------------------------------------------------
Finished Renaming Generated Ports : Time (s): cpu = 00:00:09 ; elapsed = 00:00:38 . Memory (MB): peak = 1588.016 ; gain = 998.559
---------------------------------------------------------------------------------
---------------------------------------------------------------------------------
Start Handling Custom Attributes
---------------------------------------------------------------------------------
---------------------------------------------------------------------------------
Finished Handling Custom Attributes : Time (s): cpu = 00:00:09 ; elapsed = 00:00:38 . Memory (MB): peak = 1588.016 ; gain = 998.559
---------------------------------------------------------------------------------
---------------------------------------------------------------------------------
Start Renaming Generated Nets
---------------------------------------------------------------------------------
---------------------------------------------------------------------------------
Finished Renaming Generated Nets : Time (s): cpu = 00:00:09 ; elapsed = 00:00:38 . Memory (MB): peak = 1588.016 ; gain = 998.559
---------------------------------------------------------------------------------
---------------------------------------------------------------------------------
Start Writing Synthesis Report
---------------------------------------------------------------------------------

Report BlackBoxes: 
+-+--------------+----------+
| |BlackBox name |Instances |
+-+--------------+----------+
+-+--------------+----------+

Report Cell Usage: 
+------+-------+------+
|      |Cell   |Count |
+------+-------+------+
|1     |BUFG   |     2|
|2     |CARRY4 |     7|
|3     |LUT1   |     5|
|4     |LUT2   |    28|
|5     |LUT3   |     7|
|6     |LUT4   |    14|
|7     |LUT5   |    26|
|8     |LUT6   |    58|
|9     |MUXF7  |     1|
|10    |FDCE   |    20|
|11    |FDPE   |     2|
|12    |FDRE   |    45|
|13    |IBUF   |     2|
|14    |IOBUF  |     1|
|15    |OBUF   |    24|
+------+-------+------+
---------------------------------------------------------------------------------
Finished Writing Synthesis Report : Time (s): cpu = 00:00:09 ; elapsed = 00:00:38 . Memory (MB): peak = 1588.016 ; gain = 998.559
---------------------------------------------------------------------------------
Synthesis finished with 0 errors, 0 critical warnings and 1 warnings.
Synthesis Optimization Runtime : Time (s): cpu = 00:00:07 ; elapsed = 00:00:35 . Memory (MB): peak = 1588.016 ; gain = 920.344
Synthesis Optimization Complete : Time (s): cpu = 00:00:09 ; elapsed = 00:00:38 . Memory (MB): peak = 1588.016 ; gain = 998.559
INFO: [Project 1-571] Translating synthesized netlist
Netlist sorting complete. Time (s): cpu = 00:00:00 ; elapsed = 00:00:00.004 . Memory (MB): peak = 1588.016 ; gain = 0.000
INFO: [Netlist 29-17] Analyzing 9 Unisim elements for replacement
INFO: [Netlist 29-28] Unisim Transformation completed in 0 CPU seconds
INFO: [Project 1-570] Preparing netlist for logic optimization
INFO: [Opt 31-138] Pushed 0 inverter(s) to 0 load pin(s).
Netlist sorting complete. Time (s): cpu = 00:00:00 ; elapsed = 00:00:00 . Memory (MB): peak = 1588.016 ; gain = 0.000
INFO: [Project 1-111] Unisim Transformation Summary:
  A total of 1 instances were transformed.
  IOBUF => IOBUF (IBUF, OBUFT): 1 instance 

Synth Design complete | Checksum: 28234743
INFO: [Common 17-83] Releasing license: Synthesis
34 Infos, 3 Warnings, 0 Critical Warnings and 0 Errors encountered.
synth_design completed successfully
synth_design: Time (s): cpu = 00:00:11 ; elapsed = 00:00:51 . Memory (MB): peak = 1588.016 ; gain = 1200.996
Write ShapeDB Complete: Time (s): cpu = 00:00:00 ; elapsed = 00:00:00.008 . Memory (MB): peak = 1588.016 ; gain = 0.000
INFO: [Common 17-1381] The checkpoint 'C:/Users/andre/I2C_VHDL/I2C_VHDL.runs/synth_1/top.dcp' has been generated.
INFO: [Vivado 12-24828] Executing command : report_utilization -file top_utilization_synth.rpt -pb top_utilization_synth.pb
INFO: [Common 17-206] Exiting Vivado at Tue Feb 18 15:20:45 2025...
