
*** Running vivado
    with args -log design_1_microblaze_0_axi_periph_imp_auto_pc_5.vds -m64 -product Vivado -mode batch -messageDb vivado.pb -notrace -source design_1_microblaze_0_axi_periph_imp_auto_pc_5.tcl



****** Vivado v2024.2 (64-bit)
  **** SW Build 5239630 on Fri Nov 08 22:35:27 MST 2024
  **** IP Build 5239520 on Sun Nov 10 16:12:51 MST 2024
  **** SharedData Build 5239561 on Fri Nov 08 14:39:27 MST 2024
  **** Start of session at: Wed Feb  5 14:58:16 2025
    ** Copyright 1986-2022 Xilinx, Inc. All Rights Reserved.
    ** Copyright 2022-2024 Advanced Micro Devices, Inc. All Rights Reserved.

source design_1_microblaze_0_axi_periph_imp_auto_pc_5.tcl -notrace
create_project: Time (s): cpu = 00:00:06 ; elapsed = 00:00:09 . Memory (MB): peak = 382.512 ; gain = 95.316
INFO: [IP_Flow 19-6924] IPCACHE: Running cache check for IP inst: design_1_microblaze_0_axi_periph_imp_auto_pc_5
INFO: [IP_Flow 19-6922] IPCACHE: Exporting cached entry 3d408794079349ad to dir: C:/Users/andre/MC_nexys_self/MC_nexys_self.runs/design_1_microblaze_0_axi_periph_imp_auto_pc_5_synth_1
INFO: [IP_Flow 19-6928] IPCACHE: copied cached file c:/Users/andre/MC_nexys_self/MC_nexys_self.cache/ip/2024.2/3/d/3d408794079349ad/design_1_microblaze_0_axi_periph_imp_auto_pc_5.dcp to C:/Users/andre/MC_nexys_self/MC_nexys_self.runs/design_1_microblaze_0_axi_periph_imp_auto_pc_5_synth_1/design_1_microblaze_0_axi_periph_imp_auto_pc_5.dcp.
INFO: [IP_Flow 19-6928] IPCACHE: copied cached file c:/Users/andre/MC_nexys_self/MC_nexys_self.cache/ip/2024.2/3/d/3d408794079349ad/design_1_microblaze_0_axi_periph_imp_auto_pc_5_sim_netlist.v to C:/Users/andre/MC_nexys_self/MC_nexys_self.runs/design_1_microblaze_0_axi_periph_imp_auto_pc_5_synth_1/design_1_microblaze_0_axi_periph_imp_auto_pc_5_sim_netlist.v.
INFO: [IP_Flow 19-6928] IPCACHE: copied cached file c:/Users/andre/MC_nexys_self/MC_nexys_self.cache/ip/2024.2/3/d/3d408794079349ad/design_1_microblaze_0_axi_periph_imp_auto_pc_5_sim_netlist.vhdl to C:/Users/andre/MC_nexys_self/MC_nexys_self.runs/design_1_microblaze_0_axi_periph_imp_auto_pc_5_synth_1/design_1_microblaze_0_axi_periph_imp_auto_pc_5_sim_netlist.vhdl.
INFO: [IP_Flow 19-6928] IPCACHE: copied cached file c:/Users/andre/MC_nexys_self/MC_nexys_self.cache/ip/2024.2/3/d/3d408794079349ad/design_1_microblaze_0_axi_periph_imp_auto_pc_5_stub.v to C:/Users/andre/MC_nexys_self/MC_nexys_self.runs/design_1_microblaze_0_axi_periph_imp_auto_pc_5_synth_1/design_1_microblaze_0_axi_periph_imp_auto_pc_5_stub.v.
INFO: [IP_Flow 19-6928] IPCACHE: copied cached file c:/Users/andre/MC_nexys_self/MC_nexys_self.cache/ip/2024.2/3/d/3d408794079349ad/design_1_microblaze_0_axi_periph_imp_auto_pc_5_stub.vhdl to C:/Users/andre/MC_nexys_self/MC_nexys_self.runs/design_1_microblaze_0_axi_periph_imp_auto_pc_5_synth_1/design_1_microblaze_0_axi_periph_imp_auto_pc_5_stub.vhdl.
INFO: [IP_Flow 19-4838] Using cached IP synthesis design for IP design_1_microblaze_0_axi_periph_imp_auto_pc_5, cache-ID = 3d408794079349ad.
INFO: [Common 17-206] Exiting Vivado at Wed Feb  5 14:58:34 2025...
